2025-03-07 05:13:54 [main] INFO  io.javalin.Javalin - Starting Javalin ...
2025-03-07 05:13:54 [main] INFO  org.eclipse.jetty.server.Server - jetty-11.0.24; built: 2024-08-26T18:11:22.448Z; git: 5dfc59a691b748796f922208956bd1f2794bcd16; jvm 17.0.11+7-LTS-207
2025-03-07 05:13:54 [main] INFO  o.e.j.s.s.DefaultSessionIdManager - Session workerName=node0
2025-03-07 05:13:54 [main] INFO  o.e.j.server.handler.ContextHandler - Started o.e.j.s.ServletContextHandler@1f6c9cd8{/,null,AVAILABLE}
2025-03-07 05:13:54 [main] INFO  o.e.jetty.server.AbstractConnector - Started ServerConnector@6d167f58{HTTP/1.1, (http/1.1)}{0.0.0.0:7000}
2025-03-07 05:13:54 [main] INFO  org.eclipse.jetty.server.Server - Started Server@7b420819{STARTING}[11.0.24,sto=0] @1950ms
2025-03-07 05:13:54 [main] INFO  io.javalin.Javalin - 
       __                  ___           _____
      / /___ __   ______ _/ (_)___      / ___/
 __  / / __ `/ | / / __ `/ / / __ \    / __ \
/ /_/ / /_/ /| |/ / /_/ / / / / / /   / /_/ /
\____/\__,_/ |___/\__,_/_/_/_/ /_/    \____/

       https://javalin.io/documentation

2025-03-07 05:13:54 [main] INFO  io.javalin.Javalin - Javalin started in 282ms \o/
2025-03-07 05:13:54 [main] INFO  io.javalin.Javalin - Listening on http://localhost:7000/
2025-03-07 05:13:54 [main] INFO  io.javalin.Javalin - You are running Javalin 6.4.0 (released December 17, 2024).
2025-03-07 05:14:33 [JettyServerThreadPool-24] INFO  c.revature.loan.service.LoanService - Succesfull loan: com.revature.loan.model.Loan@48d3bfd2
2025-03-07 05:24:58 [main] INFO  io.javalin.Javalin - Starting Javalin ...
2025-03-07 05:24:58 [main] INFO  org.eclipse.jetty.server.Server - jetty-11.0.24; built: 2024-08-26T18:11:22.448Z; git: 5dfc59a691b748796f922208956bd1f2794bcd16; jvm 17.0.11+7-LTS-207
2025-03-07 05:24:58 [main] INFO  o.e.j.s.s.DefaultSessionIdManager - Session workerName=node0
2025-03-07 05:24:58 [main] INFO  o.e.j.server.handler.ContextHandler - Started o.e.j.s.ServletContextHandler@1f6c9cd8{/,null,AVAILABLE}
2025-03-07 05:24:58 [main] INFO  o.e.jetty.server.AbstractConnector - Started ServerConnector@6d167f58{HTTP/1.1, (http/1.1)}{0.0.0.0:7000}
2025-03-07 05:24:58 [main] INFO  org.eclipse.jetty.server.Server - Started Server@7b420819{STARTING}[11.0.24,sto=0] @2044ms
2025-03-07 05:24:58 [main] INFO  io.javalin.Javalin - 
       __                  ___           _____
      / /___ __   ______ _/ (_)___      / ___/
 __  / / __ `/ | / / __ `/ / / __ \    / __ \
/ /_/ / /_/ /| |/ / /_/ / / / / / /   / /_/ /
\____/\__,_/ |___/\__,_/_/_/_/ /_/    \____/

       https://javalin.io/documentation

2025-03-07 05:24:58 [main] INFO  io.javalin.Javalin - Javalin started in 346ms \o/
2025-03-07 05:24:58 [main] INFO  io.javalin.Javalin - Listening on http://localhost:7000/
2025-03-07 05:24:58 [main] INFO  io.javalin.Javalin - You are running Javalin 6.4.0 (released December 17, 2024).
2025-03-07 05:25:23 [JettyServerThreadPool-24] INFO  c.revature.loan.service.UserService - Loggin succesfull: Bob
2025-03-07 05:25:53 [JettyServerThreadPool-18] INFO  c.revature.loan.service.UserService - User was registered: Marco
2025-03-07 05:26:33 [JettyServerThreadPool-23] INFO  c.revature.loan.service.UserService - Loggin succesfull: Marco
2025-03-07 05:26:44 [JettyServerThreadPool-24] WARN  c.revature.loan.service.UserService - Try to register with name already store: Marco
2025-03-07 05:47:28 [main] INFO  io.javalin.Javalin - Starting Javalin ...
2025-03-07 05:47:28 [main] INFO  org.eclipse.jetty.server.Server - jetty-11.0.24; built: 2024-08-26T18:11:22.448Z; git: 5dfc59a691b748796f922208956bd1f2794bcd16; jvm 17.0.11+7-LTS-207
2025-03-07 05:47:28 [main] INFO  o.e.j.s.s.DefaultSessionIdManager - Session workerName=node0
2025-03-07 05:47:28 [main] INFO  o.e.j.server.handler.ContextHandler - Started o.e.j.s.ServletContextHandler@22ffa91a{/,null,AVAILABLE}
2025-03-07 05:47:28 [main] INFO  o.e.jetty.server.AbstractConnector - Started ServerConnector@3bd323e9{HTTP/1.1, (http/1.1)}{0.0.0.0:7000}
2025-03-07 05:47:28 [main] INFO  org.eclipse.jetty.server.Server - Started Server@c9d0d6{STARTING}[11.0.24,sto=0] @2074ms
2025-03-07 05:47:28 [main] INFO  io.javalin.Javalin - 
       __                  ___           _____
      / /___ __   ______ _/ (_)___      / ___/
 __  / / __ `/ | / / __ `/ / / __ \    / __ \
/ /_/ / /_/ /| |/ / /_/ / / / / / /   / /_/ /
\____/\__,_/ |___/\__,_/_/_/_/ /_/    \____/

       https://javalin.io/documentation

2025-03-07 05:47:28 [main] INFO  io.javalin.Javalin - Javalin started in 266ms \o/
2025-03-07 05:47:28 [main] INFO  io.javalin.Javalin - Listening on http://localhost:7000/
2025-03-07 05:47:28 [main] INFO  io.javalin.Javalin - You are running Javalin 6.4.0 (released December 17, 2024).
2025-03-07 05:54:06 [main] INFO  c.revature.loan.service.LoanService - Succesfull loan: com.revature.loan.model.Loan@363f0ba0
2025-03-07 09:34:49 [main] INFO  io.javalin.Javalin - Starting Javalin ...
2025-03-07 09:34:49 [main] INFO  org.eclipse.jetty.server.Server - jetty-11.0.24; built: 2024-08-26T18:11:22.448Z; git: 5dfc59a691b748796f922208956bd1f2794bcd16; jvm 17.0.11+7-LTS-207
2025-03-07 09:34:49 [main] INFO  o.e.j.s.s.DefaultSessionIdManager - Session workerName=node0
2025-03-07 09:34:49 [main] INFO  o.e.j.server.handler.ContextHandler - Started o.e.j.s.ServletContextHandler@22ffa91a{/,null,AVAILABLE}
2025-03-07 09:34:49 [main] INFO  o.e.jetty.server.AbstractConnector - Started ServerConnector@3bd323e9{HTTP/1.1, (http/1.1)}{0.0.0.0:7000}
2025-03-07 09:34:49 [main] INFO  org.eclipse.jetty.server.Server - Started Server@c9d0d6{STARTING}[11.0.24,sto=0] @2632ms
2025-03-07 09:34:49 [main] INFO  io.javalin.Javalin - 
       __                  ___           _____
      / /___ __   ______ _/ (_)___      / ___/
 __  / / __ `/ | / / __ `/ / / __ \    / __ \
/ /_/ / /_/ /| |/ / /_/ / / / / / /   / /_/ /
\____/\__,_/ |___/\__,_/_/_/_/ /_/    \____/

       https://javalin.io/documentation

2025-03-07 09:34:49 [main] INFO  io.javalin.Javalin - Javalin started in 403ms \o/
2025-03-07 09:34:49 [main] INFO  io.javalin.Javalin - Listening on http://localhost:7000/
2025-03-07 09:34:49 [main] INFO  io.javalin.Javalin - You are running Javalin 6.4.0 (released December 17, 2024).
2025-03-07 09:36:16 [main] INFO  io.javalin.Javalin - Starting Javalin ...
2025-03-07 09:36:16 [main] INFO  org.eclipse.jetty.server.Server - jetty-11.0.24; built: 2024-08-26T18:11:22.448Z; git: 5dfc59a691b748796f922208956bd1f2794bcd16; jvm 17.0.11+7-LTS-207
2025-03-07 09:36:17 [main] INFO  o.e.j.s.s.DefaultSessionIdManager - Session workerName=node0
2025-03-07 09:36:17 [main] INFO  o.e.j.server.handler.ContextHandler - Started o.e.j.s.ServletContextHandler@9ef8eb7{/,null,AVAILABLE}
2025-03-07 09:36:17 [main] INFO  o.e.jetty.server.AbstractConnector - Started ServerConnector@1efe439d{HTTP/1.1, (http/1.1)}{0.0.0.0:7000}
2025-03-07 09:36:17 [main] INFO  org.eclipse.jetty.server.Server - Started Server@363a52f{STARTING}[11.0.24,sto=0] @2649ms
2025-03-07 09:36:17 [main] INFO  io.javalin.Javalin - 
       __                  ___           _____
      / /___ __   ______ _/ (_)___      / ___/
 __  / / __ `/ | / / __ `/ / / __ \    / __ \
/ /_/ / /_/ /| |/ / /_/ / / / / / /   / /_/ /
\____/\__,_/ |___/\__,_/_/_/_/ /_/    \____/

       https://javalin.io/documentation

2025-03-07 09:36:17 [main] INFO  io.javalin.Javalin - Javalin started in 398ms \o/
2025-03-07 09:36:17 [main] INFO  io.javalin.Javalin - Listening on http://localhost:7000/
2025-03-07 09:36:17 [main] INFO  io.javalin.Javalin - You are running Javalin 6.4.0 (released December 17, 2024).
2025-03-07 09:36:44 [JettyServerThreadPool-21] INFO  c.revature.loan.service.UserService - User was registered: Marco
2025-03-07 09:40:30 [JettyServerThreadPool-18] INFO  c.revature.loan.service.UserService - Loggin succesfull: Marco
2025-03-07 09:46:52 [JettyServerThreadPool-22] INFO  c.revature.loan.service.UserService - Loggin succesfull: Bob
2025-03-07 09:48:47 [JettyServerThreadPool-24] WARN  c.revature.loan.service.UserService - Login falied: Marco
2025-03-07 09:48:58 [JettyServerThreadPool-22] INFO  c.revature.loan.service.UserService - User was registered: Marco
2025-03-07 09:49:05 [JettyServerThreadPool-24] INFO  c.revature.loan.service.UserService - Loggin succesfull: Marco
2025-03-07 09:50:26 [JettyServerThreadPool-22] INFO  c.revature.loan.service.UserService - Loggin succesfull: Bob
2025-03-07 10:02:02 [JettyServerThreadPool-22] INFO  c.revature.loan.service.UserService - Loggin succesfull: Bob
2025-03-07 10:02:38 [JettyServerThreadPool-22] INFO  c.revature.loan.service.LoanService - Loan was approved: 1
2025-03-07 10:03:08 [JettyServerThreadPool-19] INFO  c.revature.loan.service.LoanService - Loan rejected: 1
2025-03-07 10:05:39 [JettyServerThreadPool-18] INFO  c.revature.loan.service.UserService - Loggin succesfull: Marco
2025-03-07 10:06:49 [JettyServerThreadPool-19] INFO  com.revature.loan.dao.LoanDao - Inserting loan to database: com.revature.loan.model.Loan@2b89ba24
2025-03-07 10:06:49 [JettyServerThreadPool-19] INFO  c.revature.loan.service.LoanService - Succesfull loan: com.revature.loan.model.Loan@2b89ba24
2025-03-07 10:07:12 [JettyServerThreadPool-19] INFO  com.revature.loan.dao.LoanDao - Inserting loan to database: com.revature.loan.model.Loan@773f3bfa
2025-03-07 10:07:12 [JettyServerThreadPool-19] INFO  c.revature.loan.service.LoanService - Succesfull loan: com.revature.loan.model.Loan@773f3bfa
2025-03-07 10:14:33 [main] INFO  c.revature.loan.service.LoanService - Succesfull loan: com.revature.loan.model.Loan@26f7cdf8
2025-03-07 10:23:12 [main] INFO  c.revature.loan.service.LoanService - Succesfull loan: com.revature.loan.model.Loan@26f7cdf8
2025-03-07 10:23:52 [main] INFO  c.revature.loan.service.LoanService - Succesfull loan: com.revature.loan.model.Loan@26f7cdf8
2025-03-07 13:21:52 [main] INFO  io.javalin.Javalin - Starting Javalin ...
2025-03-07 13:21:52 [main] INFO  org.eclipse.jetty.server.Server - jetty-11.0.24; built: 2024-08-26T18:11:22.448Z; git: 5dfc59a691b748796f922208956bd1f2794bcd16; jvm 17.0.11+7-LTS-207
2025-03-07 13:21:53 [main] INFO  o.e.j.s.s.DefaultSessionIdManager - Session workerName=node0
2025-03-07 13:21:53 [main] INFO  o.e.j.server.handler.ContextHandler - Started o.e.j.s.ServletContextHandler@1f6c9cd8{/,null,AVAILABLE}
2025-03-07 13:21:53 [main] INFO  o.e.jetty.server.AbstractConnector - Started ServerConnector@6d167f58{HTTP/1.1, (http/1.1)}{0.0.0.0:7000}
2025-03-07 13:21:53 [main] INFO  org.eclipse.jetty.server.Server - Started Server@7b420819{STARTING}[11.0.24,sto=0] @2680ms
2025-03-07 13:21:53 [main] INFO  io.javalin.Javalin - 
       __                  ___           _____
      / /___ __   ______ _/ (_)___      / ___/
 __  / / __ `/ | / / __ `/ / / __ \    / __ \
/ /_/ / /_/ /| |/ / /_/ / / / / / /   / /_/ /
\____/\__,_/ |___/\__,_/_/_/_/ /_/    \____/

       https://javalin.io/documentation

2025-03-07 13:21:53 [main] INFO  io.javalin.Javalin - Javalin started in 388ms \o/
2025-03-07 13:21:53 [main] INFO  io.javalin.Javalin - Listening on http://localhost:7000/
2025-03-07 13:21:53 [main] INFO  io.javalin.Javalin - You are running Javalin 6.4.0 (released December 17, 2024).
2025-03-07 13:29:33 [JettyServerThreadPool-25] INFO  c.revature.loan.service.UserService - User was registered: Marco
2025-03-07 13:29:56 [JettyServerThreadPool-18] INFO  c.revature.loan.service.UserService - Loggin succesfull: Marco
2025-03-07 13:31:44 [JettyServerThreadPool-23] INFO  c.revature.loan.service.UserService - Loggin succesfull: Bob
2025-03-07 13:32:02 [JettyServerThreadPool-19] WARN  io.javalin.Javalin - Uncaught exception
java.lang.NullPointerException: Parameter specified as non-null is null: method io.javalin.http.Context.json, parameter obj
	at io.javalin.http.Context.json(Context.kt)
	at com.revature.loan.controller.UserController.updateUser(UserController.java:207)
	at io.javalin.router.Endpoint.handle(Endpoint.kt:52)
	at io.javalin.router.ParsedEndpoint.handle(ParsedEndpoint.kt:15)
	at io.javalin.http.servlet.DefaultTasks.HTTP$lambda$9$lambda$7$lambda$6(DefaultTasks.kt:52)
	at io.javalin.http.servlet.JavalinServlet.handleTask(JavalinServlet.kt:99)
	at io.javalin.http.servlet.JavalinServlet.handleSync(JavalinServlet.kt:64)
	at io.javalin.http.servlet.JavalinServlet.handle(JavalinServlet.kt:50)
	at io.javalin.http.servlet.JavalinServlet.service(JavalinServlet.kt:30)
	at jakarta.servlet.http.HttpServlet.service(HttpServlet.java:587)
	at io.javalin.jetty.JavalinJettyServlet.service(JavalinJettyServlet.kt:52)
	at jakarta.servlet.http.HttpServlet.service(HttpServlet.java:587)
	at org.eclipse.jetty.servlet.ServletHolder.handle(ServletHolder.java:764)
	at org.eclipse.jetty.servlet.ServletHandler.doHandle(ServletHandler.java:529)
	at org.eclipse.jetty.server.handler.ScopedHandler.nextHandle(ScopedHandler.java:221)
	at org.eclipse.jetty.server.session.SessionHandler.doHandle(SessionHandler.java:1580)
	at org.eclipse.jetty.server.handler.ScopedHandler.nextHandle(ScopedHandler.java:221)
	at org.eclipse.jetty.server.handler.ContextHandler.doHandle(ContextHandler.java:1381)
	at org.eclipse.jetty.server.handler.ScopedHandler.nextScope(ScopedHandler.java:176)
	at org.eclipse.jetty.servlet.ServletHandler.doScope(ServletHandler.java:484)
	at org.eclipse.jetty.server.session.SessionHandler.doScope(SessionHandler.java:1553)
	at org.eclipse.jetty.server.handler.ScopedHandler.nextScope(ScopedHandler.java:174)
	at org.eclipse.jetty.server.handler.ContextHandler.doScope(ContextHandler.java:1303)
	at org.eclipse.jetty.server.handler.ScopedHandler.handle(ScopedHandler.java:129)
	at org.eclipse.jetty.server.handler.StatisticsHandler.handle(StatisticsHandler.java:173)
	at org.eclipse.jetty.server.handler.HandlerWrapper.handle(HandlerWrapper.java:122)
	at org.eclipse.jetty.server.Server.handle(Server.java:563)
	at org.eclipse.jetty.server.HttpChannel$RequestDispatchable.dispatch(HttpChannel.java:1598)
	at org.eclipse.jetty.server.HttpChannel.dispatch(HttpChannel.java:753)
	at org.eclipse.jetty.server.HttpChannel.handle(HttpChannel.java:501)
	at org.eclipse.jetty.server.HttpConnection.onFillable(HttpConnection.java:287)
	at org.eclipse.jetty.io.AbstractConnection$ReadCallback.succeeded(AbstractConnection.java:314)
	at org.eclipse.jetty.io.FillInterest.fillable(FillInterest.java:100)
	at org.eclipse.jetty.io.SelectableChannelEndPoint$1.run(SelectableChannelEndPoint.java:53)
	at org.eclipse.jetty.util.thread.strategy.AdaptiveExecutionStrategy.runTask(AdaptiveExecutionStrategy.java:421)
	at org.eclipse.jetty.util.thread.strategy.AdaptiveExecutionStrategy.consumeTask(AdaptiveExecutionStrategy.java:390)
	at org.eclipse.jetty.util.thread.strategy.AdaptiveExecutionStrategy.tryProduce(AdaptiveExecutionStrategy.java:277)
	at org.eclipse.jetty.util.thread.strategy.AdaptiveExecutionStrategy.run(AdaptiveExecutionStrategy.java:199)
	at org.eclipse.jetty.util.thread.ReservedThreadExecutor$ReservedThread.run(ReservedThreadExecutor.java:411)
	at org.eclipse.jetty.util.thread.QueuedThreadPool.runJob(QueuedThreadPool.java:969)
	at org.eclipse.jetty.util.thread.QueuedThreadPool$Runner.doRunJob(QueuedThreadPool.java:1194)
	at org.eclipse.jetty.util.thread.QueuedThreadPool$Runner.run(QueuedThreadPool.java:1149)
	at java.base/java.lang.Thread.run(Thread.java:842)
2025-03-07 13:32:11 [JettyServerThreadPool-23] WARN  io.javalin.Javalin - Uncaught exception
java.lang.NullPointerException: Parameter specified as non-null is null: method io.javalin.http.Context.json, parameter obj
	at io.javalin.http.Context.json(Context.kt)
	at com.revature.loan.controller.UserController.updateUser(UserController.java:207)
	at io.javalin.router.Endpoint.handle(Endpoint.kt:52)
	at io.javalin.router.ParsedEndpoint.handle(ParsedEndpoint.kt:15)
	at io.javalin.http.servlet.DefaultTasks.HTTP$lambda$9$lambda$7$lambda$6(DefaultTasks.kt:52)
	at io.javalin.http.servlet.JavalinServlet.handleTask(JavalinServlet.kt:99)
	at io.javalin.http.servlet.JavalinServlet.handleSync(JavalinServlet.kt:64)
	at io.javalin.http.servlet.JavalinServlet.handle(JavalinServlet.kt:50)
	at io.javalin.http.servlet.JavalinServlet.service(JavalinServlet.kt:30)
	at jakarta.servlet.http.HttpServlet.service(HttpServlet.java:587)
	at io.javalin.jetty.JavalinJettyServlet.service(JavalinJettyServlet.kt:52)
	at jakarta.servlet.http.HttpServlet.service(HttpServlet.java:587)
	at org.eclipse.jetty.servlet.ServletHolder.handle(ServletHolder.java:764)
	at org.eclipse.jetty.servlet.ServletHandler.doHandle(ServletHandler.java:529)
	at org.eclipse.jetty.server.handler.ScopedHandler.nextHandle(ScopedHandler.java:221)
	at org.eclipse.jetty.server.session.SessionHandler.doHandle(SessionHandler.java:1580)
	at org.eclipse.jetty.server.handler.ScopedHandler.nextHandle(ScopedHandler.java:221)
	at org.eclipse.jetty.server.handler.ContextHandler.doHandle(ContextHandler.java:1381)
	at org.eclipse.jetty.server.handler.ScopedHandler.nextScope(ScopedHandler.java:176)
	at org.eclipse.jetty.servlet.ServletHandler.doScope(ServletHandler.java:484)
	at org.eclipse.jetty.server.session.SessionHandler.doScope(SessionHandler.java:1553)
	at org.eclipse.jetty.server.handler.ScopedHandler.nextScope(ScopedHandler.java:174)
	at org.eclipse.jetty.server.handler.ContextHandler.doScope(ContextHandler.java:1303)
	at org.eclipse.jetty.server.handler.ScopedHandler.handle(ScopedHandler.java:129)
	at org.eclipse.jetty.server.handler.StatisticsHandler.handle(StatisticsHandler.java:173)
	at org.eclipse.jetty.server.handler.HandlerWrapper.handle(HandlerWrapper.java:122)
	at org.eclipse.jetty.server.Server.handle(Server.java:563)
	at org.eclipse.jetty.server.HttpChannel$RequestDispatchable.dispatch(HttpChannel.java:1598)
	at org.eclipse.jetty.server.HttpChannel.dispatch(HttpChannel.java:753)
	at org.eclipse.jetty.server.HttpChannel.handle(HttpChannel.java:501)
	at org.eclipse.jetty.server.HttpConnection.onFillable(HttpConnection.java:287)
	at org.eclipse.jetty.io.AbstractConnection$ReadCallback.succeeded(AbstractConnection.java:314)
	at org.eclipse.jetty.io.FillInterest.fillable(FillInterest.java:100)
	at org.eclipse.jetty.io.SelectableChannelEndPoint$1.run(SelectableChannelEndPoint.java:53)
	at org.eclipse.jetty.util.thread.strategy.AdaptiveExecutionStrategy.runTask(AdaptiveExecutionStrategy.java:421)
	at org.eclipse.jetty.util.thread.strategy.AdaptiveExecutionStrategy.consumeTask(AdaptiveExecutionStrategy.java:390)
	at org.eclipse.jetty.util.thread.strategy.AdaptiveExecutionStrategy.tryProduce(AdaptiveExecutionStrategy.java:277)
	at org.eclipse.jetty.util.thread.strategy.AdaptiveExecutionStrategy.run(AdaptiveExecutionStrategy.java:199)
	at org.eclipse.jetty.util.thread.ReservedThreadExecutor$ReservedThread.run(ReservedThreadExecutor.java:411)
	at org.eclipse.jetty.util.thread.QueuedThreadPool.runJob(QueuedThreadPool.java:969)
	at org.eclipse.jetty.util.thread.QueuedThreadPool$Runner.doRunJob(QueuedThreadPool.java:1194)
	at org.eclipse.jetty.util.thread.QueuedThreadPool$Runner.run(QueuedThreadPool.java:1149)
	at java.base/java.lang.Thread.run(Thread.java:842)
2025-03-07 13:32:36 [JettyServerThreadPool-19] WARN  io.javalin.Javalin - Uncaught exception
java.lang.NullPointerException: Parameter specified as non-null is null: method io.javalin.http.Context.json, parameter obj
	at io.javalin.http.Context.json(Context.kt)
	at com.revature.loan.controller.UserController.updateUser(UserController.java:207)
	at io.javalin.router.Endpoint.handle(Endpoint.kt:52)
	at io.javalin.router.ParsedEndpoint.handle(ParsedEndpoint.kt:15)
	at io.javalin.http.servlet.DefaultTasks.HTTP$lambda$9$lambda$7$lambda$6(DefaultTasks.kt:52)
	at io.javalin.http.servlet.JavalinServlet.handleTask(JavalinServlet.kt:99)
	at io.javalin.http.servlet.JavalinServlet.handleSync(JavalinServlet.kt:64)
	at io.javalin.http.servlet.JavalinServlet.handle(JavalinServlet.kt:50)
	at io.javalin.http.servlet.JavalinServlet.service(JavalinServlet.kt:30)
	at jakarta.servlet.http.HttpServlet.service(HttpServlet.java:587)
	at io.javalin.jetty.JavalinJettyServlet.service(JavalinJettyServlet.kt:52)
	at jakarta.servlet.http.HttpServlet.service(HttpServlet.java:587)
	at org.eclipse.jetty.servlet.ServletHolder.handle(ServletHolder.java:764)
	at org.eclipse.jetty.servlet.ServletHandler.doHandle(ServletHandler.java:529)
	at org.eclipse.jetty.server.handler.ScopedHandler.nextHandle(ScopedHandler.java:221)
	at org.eclipse.jetty.server.session.SessionHandler.doHandle(SessionHandler.java:1580)
	at org.eclipse.jetty.server.handler.ScopedHandler.nextHandle(ScopedHandler.java:221)
	at org.eclipse.jetty.server.handler.ContextHandler.doHandle(ContextHandler.java:1381)
	at org.eclipse.jetty.server.handler.ScopedHandler.nextScope(ScopedHandler.java:176)
	at org.eclipse.jetty.servlet.ServletHandler.doScope(ServletHandler.java:484)
	at org.eclipse.jetty.server.session.SessionHandler.doScope(SessionHandler.java:1553)
	at org.eclipse.jetty.server.handler.ScopedHandler.nextScope(ScopedHandler.java:174)
	at org.eclipse.jetty.server.handler.ContextHandler.doScope(ContextHandler.java:1303)
	at org.eclipse.jetty.server.handler.ScopedHandler.handle(ScopedHandler.java:129)
	at org.eclipse.jetty.server.handler.StatisticsHandler.handle(StatisticsHandler.java:173)
	at org.eclipse.jetty.server.handler.HandlerWrapper.handle(HandlerWrapper.java:122)
	at org.eclipse.jetty.server.Server.handle(Server.java:563)
	at org.eclipse.jetty.server.HttpChannel$RequestDispatchable.dispatch(HttpChannel.java:1598)
	at org.eclipse.jetty.server.HttpChannel.dispatch(HttpChannel.java:753)
	at org.eclipse.jetty.server.HttpChannel.handle(HttpChannel.java:501)
	at org.eclipse.jetty.server.HttpConnection.onFillable(HttpConnection.java:287)
	at org.eclipse.jetty.io.AbstractConnection$ReadCallback.succeeded(AbstractConnection.java:314)
	at org.eclipse.jetty.io.FillInterest.fillable(FillInterest.java:100)
	at org.eclipse.jetty.io.SelectableChannelEndPoint$1.run(SelectableChannelEndPoint.java:53)
	at org.eclipse.jetty.util.thread.strategy.AdaptiveExecutionStrategy.runTask(AdaptiveExecutionStrategy.java:421)
	at org.eclipse.jetty.util.thread.strategy.AdaptiveExecutionStrategy.consumeTask(AdaptiveExecutionStrategy.java:390)
	at org.eclipse.jetty.util.thread.strategy.AdaptiveExecutionStrategy.tryProduce(AdaptiveExecutionStrategy.java:277)
	at org.eclipse.jetty.util.thread.strategy.AdaptiveExecutionStrategy.run(AdaptiveExecutionStrategy.java:199)
	at org.eclipse.jetty.util.thread.ReservedThreadExecutor$ReservedThread.run(ReservedThreadExecutor.java:411)
	at org.eclipse.jetty.util.thread.QueuedThreadPool.runJob(QueuedThreadPool.java:969)
	at org.eclipse.jetty.util.thread.QueuedThreadPool$Runner.doRunJob(QueuedThreadPool.java:1194)
	at org.eclipse.jetty.util.thread.QueuedThreadPool$Runner.run(QueuedThreadPool.java:1149)
	at java.base/java.lang.Thread.run(Thread.java:842)
2025-03-07 13:33:41 [JettyServerThreadPool-19] WARN  c.revature.loan.service.UserService - Login falied: Marco
2025-03-07 13:34:02 [JettyServerThreadPool-23] INFO  c.revature.loan.service.UserService - User was registered: Marco
2025-03-07 13:34:07 [JettyServerThreadPool-19] INFO  c.revature.loan.service.UserService - Loggin succesfull: Marco
2025-03-07 13:34:18 [JettyServerThreadPool-23] INFO  com.revature.loan.dao.LoanDao - Inserting loan to database: com.revature.loan.model.Loan@618754ad
2025-03-07 13:34:18 [JettyServerThreadPool-23] INFO  c.revature.loan.service.LoanService - Succesfull loan: com.revature.loan.model.Loan@618754ad
2025-03-07 13:35:21 [JettyServerThreadPool-19] INFO  com.revature.loan.dao.LoanDao - Inserting loan to database: com.revature.loan.model.Loan@dbaf74a
2025-03-07 13:35:21 [JettyServerThreadPool-19] INFO  c.revature.loan.service.LoanService - Succesfull loan: com.revature.loan.model.Loan@dbaf74a
2025-03-07 13:36:59 [JettyServerThreadPool-25] INFO  c.revature.loan.service.UserService - Loggin succesfull: Bob
2025-03-07 13:37:28 [JettyServerThreadPool-23] INFO  c.revature.loan.service.LoanService - Loan was approved: 5
2025-03-07 13:37:51 [JettyServerThreadPool-25] INFO  c.revature.loan.service.LoanService - Loan rejected: 5
2025-03-07 13:39:58 [main] INFO  c.revature.loan.service.LoanService - Succesfull loan: com.revature.loan.model.Loan@3e7545e8
2025-03-07 13:41:25 [main] INFO  c.revature.loan.service.LoanService - Succesfull loan: com.revature.loan.model.Loan@26f7cdf8
2025-03-07 13:41:41 [main] INFO  io.javalin.Javalin - Starting Javalin ...
2025-03-07 13:41:41 [main] INFO  org.eclipse.jetty.server.Server - jetty-11.0.24; built: 2024-08-26T18:11:22.448Z; git: 5dfc59a691b748796f922208956bd1f2794bcd16; jvm 17.0.11+7-LTS-207
2025-03-07 13:41:41 [main] INFO  o.e.j.s.s.DefaultSessionIdManager - Session workerName=node0
2025-03-07 13:41:41 [main] INFO  o.e.j.server.handler.ContextHandler - Started o.e.j.s.ServletContextHandler@75cd8043{/,null,AVAILABLE}
2025-03-07 13:41:41 [main] INFO  o.e.jetty.server.AbstractConnector - Started ServerConnector@36060e{HTTP/1.1, (http/1.1)}{0.0.0.0:7000}
2025-03-07 13:41:41 [main] INFO  org.eclipse.jetty.server.Server - Started Server@10a9d961{STARTING}[11.0.24,sto=0] @2071ms
2025-03-07 13:41:41 [main] INFO  io.javalin.Javalin - 
       __                  ___           _____
      / /___ __   ______ _/ (_)___      / ___/
 __  / / __ `/ | / / __ `/ / / __ \    / __ \
/ /_/ / /_/ /| |/ / /_/ / / / / / /   / /_/ /
\____/\__,_/ |___/\__,_/_/_/_/ /_/    \____/

       https://javalin.io/documentation

2025-03-07 13:41:41 [main] INFO  io.javalin.Javalin - Javalin started in 311ms \o/
2025-03-07 13:41:41 [main] INFO  io.javalin.Javalin - Listening on http://localhost:7000/
2025-03-07 13:41:41 [main] INFO  io.javalin.Javalin - You are running Javalin 6.4.0 (released December 17, 2024).
2025-03-07 13:41:55 [JettyServerThreadPool-25] INFO  c.revature.loan.service.UserService - Loggin succesfull: Bob
2025-03-07 13:42:16 [JettyServerThreadPool-24] WARN  io.javalin.Javalin - Uncaught exception
java.lang.NullPointerException: Parameter specified as non-null is null: method io.javalin.http.Context.json, parameter obj
	at io.javalin.http.Context.json(Context.kt)
	at com.revature.loan.controller.UserController.updateUser(UserController.java:207)
	at io.javalin.router.Endpoint.handle(Endpoint.kt:52)
	at io.javalin.router.ParsedEndpoint.handle(ParsedEndpoint.kt:15)
	at io.javalin.http.servlet.DefaultTasks.HTTP$lambda$9$lambda$7$lambda$6(DefaultTasks.kt:52)
	at io.javalin.http.servlet.JavalinServlet.handleTask(JavalinServlet.kt:99)
	at io.javalin.http.servlet.JavalinServlet.handleSync(JavalinServlet.kt:64)
	at io.javalin.http.servlet.JavalinServlet.handle(JavalinServlet.kt:50)
	at io.javalin.http.servlet.JavalinServlet.service(JavalinServlet.kt:30)
	at jakarta.servlet.http.HttpServlet.service(HttpServlet.java:587)
	at io.javalin.jetty.JavalinJettyServlet.service(JavalinJettyServlet.kt:52)
	at jakarta.servlet.http.HttpServlet.service(HttpServlet.java:587)
	at org.eclipse.jetty.servlet.ServletHolder.handle(ServletHolder.java:764)
	at org.eclipse.jetty.servlet.ServletHandler.doHandle(ServletHandler.java:529)
	at org.eclipse.jetty.server.handler.ScopedHandler.nextHandle(ScopedHandler.java:221)
	at org.eclipse.jetty.server.session.SessionHandler.doHandle(SessionHandler.java:1580)
	at org.eclipse.jetty.server.handler.ScopedHandler.nextHandle(ScopedHandler.java:221)
	at org.eclipse.jetty.server.handler.ContextHandler.doHandle(ContextHandler.java:1381)
	at org.eclipse.jetty.server.handler.ScopedHandler.nextScope(ScopedHandler.java:176)
	at org.eclipse.jetty.servlet.ServletHandler.doScope(ServletHandler.java:484)
	at org.eclipse.jetty.server.session.SessionHandler.doScope(SessionHandler.java:1553)
	at org.eclipse.jetty.server.handler.ScopedHandler.nextScope(ScopedHandler.java:174)
	at org.eclipse.jetty.server.handler.ContextHandler.doScope(ContextHandler.java:1303)
	at org.eclipse.jetty.server.handler.ScopedHandler.handle(ScopedHandler.java:129)
	at org.eclipse.jetty.server.handler.StatisticsHandler.handle(StatisticsHandler.java:173)
	at org.eclipse.jetty.server.handler.HandlerWrapper.handle(HandlerWrapper.java:122)
	at org.eclipse.jetty.server.Server.handle(Server.java:563)
	at org.eclipse.jetty.server.HttpChannel$RequestDispatchable.dispatch(HttpChannel.java:1598)
	at org.eclipse.jetty.server.HttpChannel.dispatch(HttpChannel.java:753)
	at org.eclipse.jetty.server.HttpChannel.handle(HttpChannel.java:501)
	at org.eclipse.jetty.server.HttpConnection.onFillable(HttpConnection.java:287)
	at org.eclipse.jetty.io.AbstractConnection$ReadCallback.succeeded(AbstractConnection.java:314)
	at org.eclipse.jetty.io.FillInterest.fillable(FillInterest.java:100)
	at org.eclipse.jetty.io.SelectableChannelEndPoint$1.run(SelectableChannelEndPoint.java:53)
	at org.eclipse.jetty.util.thread.strategy.AdaptiveExecutionStrategy.runTask(AdaptiveExecutionStrategy.java:421)
	at org.eclipse.jetty.util.thread.strategy.AdaptiveExecutionStrategy.consumeTask(AdaptiveExecutionStrategy.java:390)
	at org.eclipse.jetty.util.thread.strategy.AdaptiveExecutionStrategy.tryProduce(AdaptiveExecutionStrategy.java:277)
	at org.eclipse.jetty.util.thread.strategy.AdaptiveExecutionStrategy.run(AdaptiveExecutionStrategy.java:199)
	at org.eclipse.jetty.util.thread.ReservedThreadExecutor$ReservedThread.run(ReservedThreadExecutor.java:411)
	at org.eclipse.jetty.util.thread.QueuedThreadPool.runJob(QueuedThreadPool.java:969)
	at org.eclipse.jetty.util.thread.QueuedThreadPool$Runner.doRunJob(QueuedThreadPool.java:1194)
	at org.eclipse.jetty.util.thread.QueuedThreadPool$Runner.run(QueuedThreadPool.java:1149)
	at java.base/java.lang.Thread.run(Thread.java:842)
2025-03-07 13:42:58 [JettyServerThreadPool-23] WARN  io.javalin.Javalin - Uncaught exception
java.lang.NullPointerException: Parameter specified as non-null is null: method io.javalin.http.Context.json, parameter obj
	at io.javalin.http.Context.json(Context.kt)
	at com.revature.loan.controller.UserController.updateUser(UserController.java:207)
	at io.javalin.router.Endpoint.handle(Endpoint.kt:52)
	at io.javalin.router.ParsedEndpoint.handle(ParsedEndpoint.kt:15)
	at io.javalin.http.servlet.DefaultTasks.HTTP$lambda$9$lambda$7$lambda$6(DefaultTasks.kt:52)
	at io.javalin.http.servlet.JavalinServlet.handleTask(JavalinServlet.kt:99)
	at io.javalin.http.servlet.JavalinServlet.handleSync(JavalinServlet.kt:64)
	at io.javalin.http.servlet.JavalinServlet.handle(JavalinServlet.kt:50)
	at io.javalin.http.servlet.JavalinServlet.service(JavalinServlet.kt:30)
	at jakarta.servlet.http.HttpServlet.service(HttpServlet.java:587)
	at io.javalin.jetty.JavalinJettyServlet.service(JavalinJettyServlet.kt:52)
	at jakarta.servlet.http.HttpServlet.service(HttpServlet.java:587)
	at org.eclipse.jetty.servlet.ServletHolder.handle(ServletHolder.java:764)
	at org.eclipse.jetty.servlet.ServletHandler.doHandle(ServletHandler.java:529)
	at org.eclipse.jetty.server.handler.ScopedHandler.nextHandle(ScopedHandler.java:221)
	at org.eclipse.jetty.server.session.SessionHandler.doHandle(SessionHandler.java:1580)
	at org.eclipse.jetty.server.handler.ScopedHandler.nextHandle(ScopedHandler.java:221)
	at org.eclipse.jetty.server.handler.ContextHandler.doHandle(ContextHandler.java:1381)
	at org.eclipse.jetty.server.handler.ScopedHandler.nextScope(ScopedHandler.java:176)
	at org.eclipse.jetty.servlet.ServletHandler.doScope(ServletHandler.java:484)
	at org.eclipse.jetty.server.session.SessionHandler.doScope(SessionHandler.java:1553)
	at org.eclipse.jetty.server.handler.ScopedHandler.nextScope(ScopedHandler.java:174)
	at org.eclipse.jetty.server.handler.ContextHandler.doScope(ContextHandler.java:1303)
	at org.eclipse.jetty.server.handler.ScopedHandler.handle(ScopedHandler.java:129)
	at org.eclipse.jetty.server.handler.StatisticsHandler.handle(StatisticsHandler.java:173)
	at org.eclipse.jetty.server.handler.HandlerWrapper.handle(HandlerWrapper.java:122)
	at org.eclipse.jetty.server.Server.handle(Server.java:563)
	at org.eclipse.jetty.server.HttpChannel$RequestDispatchable.dispatch(HttpChannel.java:1598)
	at org.eclipse.jetty.server.HttpChannel.dispatch(HttpChannel.java:753)
	at org.eclipse.jetty.server.HttpChannel.handle(HttpChannel.java:501)
	at org.eclipse.jetty.server.HttpConnection.onFillable(HttpConnection.java:287)
	at org.eclipse.jetty.io.AbstractConnection$ReadCallback.succeeded(AbstractConnection.java:314)
	at org.eclipse.jetty.io.FillInterest.fillable(FillInterest.java:100)
	at org.eclipse.jetty.io.SelectableChannelEndPoint$1.run(SelectableChannelEndPoint.java:53)
	at org.eclipse.jetty.util.thread.strategy.AdaptiveExecutionStrategy.runTask(AdaptiveExecutionStrategy.java:421)
	at org.eclipse.jetty.util.thread.strategy.AdaptiveExecutionStrategy.consumeTask(AdaptiveExecutionStrategy.java:390)
	at org.eclipse.jetty.util.thread.strategy.AdaptiveExecutionStrategy.tryProduce(AdaptiveExecutionStrategy.java:277)
	at org.eclipse.jetty.util.thread.strategy.AdaptiveExecutionStrategy.run(AdaptiveExecutionStrategy.java:199)
	at org.eclipse.jetty.util.thread.ReservedThreadExecutor$ReservedThread.run(ReservedThreadExecutor.java:411)
	at org.eclipse.jetty.util.thread.QueuedThreadPool.runJob(QueuedThreadPool.java:969)
	at org.eclipse.jetty.util.thread.QueuedThreadPool$Runner.doRunJob(QueuedThreadPool.java:1194)
	at org.eclipse.jetty.util.thread.QueuedThreadPool$Runner.run(QueuedThreadPool.java:1149)
	at java.base/java.lang.Thread.run(Thread.java:842)
2025-03-07 13:43:07 [JettyServerThreadPool-21] WARN  io.javalin.Javalin - Uncaught exception
java.lang.NullPointerException: Parameter specified as non-null is null: method io.javalin.http.Context.json, parameter obj
	at io.javalin.http.Context.json(Context.kt)
	at com.revature.loan.controller.UserController.updateUser(UserController.java:207)
	at io.javalin.router.Endpoint.handle(Endpoint.kt:52)
	at io.javalin.router.ParsedEndpoint.handle(ParsedEndpoint.kt:15)
	at io.javalin.http.servlet.DefaultTasks.HTTP$lambda$9$lambda$7$lambda$6(DefaultTasks.kt:52)
	at io.javalin.http.servlet.JavalinServlet.handleTask(JavalinServlet.kt:99)
	at io.javalin.http.servlet.JavalinServlet.handleSync(JavalinServlet.kt:64)
	at io.javalin.http.servlet.JavalinServlet.handle(JavalinServlet.kt:50)
	at io.javalin.http.servlet.JavalinServlet.service(JavalinServlet.kt:30)
	at jakarta.servlet.http.HttpServlet.service(HttpServlet.java:587)
	at io.javalin.jetty.JavalinJettyServlet.service(JavalinJettyServlet.kt:52)
	at jakarta.servlet.http.HttpServlet.service(HttpServlet.java:587)
	at org.eclipse.jetty.servlet.ServletHolder.handle(ServletHolder.java:764)
	at org.eclipse.jetty.servlet.ServletHandler.doHandle(ServletHandler.java:529)
	at org.eclipse.jetty.server.handler.ScopedHandler.nextHandle(ScopedHandler.java:221)
	at org.eclipse.jetty.server.session.SessionHandler.doHandle(SessionHandler.java:1580)
	at org.eclipse.jetty.server.handler.ScopedHandler.nextHandle(ScopedHandler.java:221)
	at org.eclipse.jetty.server.handler.ContextHandler.doHandle(ContextHandler.java:1381)
	at org.eclipse.jetty.server.handler.ScopedHandler.nextScope(ScopedHandler.java:176)
	at org.eclipse.jetty.servlet.ServletHandler.doScope(ServletHandler.java:484)
	at org.eclipse.jetty.server.session.SessionHandler.doScope(SessionHandler.java:1553)
	at org.eclipse.jetty.server.handler.ScopedHandler.nextScope(ScopedHandler.java:174)
	at org.eclipse.jetty.server.handler.ContextHandler.doScope(ContextHandler.java:1303)
	at org.eclipse.jetty.server.handler.ScopedHandler.handle(ScopedHandler.java:129)
	at org.eclipse.jetty.server.handler.StatisticsHandler.handle(StatisticsHandler.java:173)
	at org.eclipse.jetty.server.handler.HandlerWrapper.handle(HandlerWrapper.java:122)
	at org.eclipse.jetty.server.Server.handle(Server.java:563)
	at org.eclipse.jetty.server.HttpChannel$RequestDispatchable.dispatch(HttpChannel.java:1598)
	at org.eclipse.jetty.server.HttpChannel.dispatch(HttpChannel.java:753)
	at org.eclipse.jetty.server.HttpChannel.handle(HttpChannel.java:501)
	at org.eclipse.jetty.server.HttpConnection.onFillable(HttpConnection.java:287)
	at org.eclipse.jetty.io.AbstractConnection$ReadCallback.succeeded(AbstractConnection.java:314)
	at org.eclipse.jetty.io.FillInterest.fillable(FillInterest.java:100)
	at org.eclipse.jetty.io.SelectableChannelEndPoint$1.run(SelectableChannelEndPoint.java:53)
	at org.eclipse.jetty.util.thread.strategy.AdaptiveExecutionStrategy.runTask(AdaptiveExecutionStrategy.java:421)
	at org.eclipse.jetty.util.thread.strategy.AdaptiveExecutionStrategy.consumeTask(AdaptiveExecutionStrategy.java:390)
	at org.eclipse.jetty.util.thread.strategy.AdaptiveExecutionStrategy.tryProduce(AdaptiveExecutionStrategy.java:277)
	at org.eclipse.jetty.util.thread.strategy.AdaptiveExecutionStrategy.run(AdaptiveExecutionStrategy.java:199)
	at org.eclipse.jetty.util.thread.ReservedThreadExecutor$ReservedThread.run(ReservedThreadExecutor.java:411)
	at org.eclipse.jetty.util.thread.QueuedThreadPool.runJob(QueuedThreadPool.java:969)
	at org.eclipse.jetty.util.thread.QueuedThreadPool$Runner.doRunJob(QueuedThreadPool.java:1194)
	at org.eclipse.jetty.util.thread.QueuedThreadPool$Runner.run(QueuedThreadPool.java:1149)
	at java.base/java.lang.Thread.run(Thread.java:842)
2025-03-07 14:35:04 [main] INFO  io.javalin.Javalin - Starting Javalin ...
2025-03-07 14:35:04 [main] INFO  org.eclipse.jetty.server.Server - jetty-11.0.24; built: 2024-08-26T18:11:22.448Z; git: 5dfc59a691b748796f922208956bd1f2794bcd16; jvm 17.0.11+7-LTS-207
2025-03-07 14:35:04 [main] INFO  o.e.j.s.s.DefaultSessionIdManager - Session workerName=node0
2025-03-07 14:35:04 [main] INFO  o.e.j.server.handler.ContextHandler - Started o.e.j.s.ServletContextHandler@1f6c9cd8{/,null,AVAILABLE}
2025-03-07 14:35:04 [main] INFO  o.e.jetty.server.AbstractConnector - Started ServerConnector@6d167f58{HTTP/1.1, (http/1.1)}{0.0.0.0:7000}
2025-03-07 14:35:04 [main] INFO  org.eclipse.jetty.server.Server - Started Server@7b420819{STARTING}[11.0.24,sto=0] @2205ms
2025-03-07 14:35:04 [main] INFO  io.javalin.Javalin - 
       __                  ___           _____
      / /___ __   ______ _/ (_)___      / ___/
 __  / / __ `/ | / / __ `/ / / __ \    / __ \
/ /_/ / /_/ /| |/ / /_/ / / / / / /   / /_/ /
\____/\__,_/ |___/\__,_/_/_/_/ /_/    \____/

       https://javalin.io/documentation

2025-03-07 14:35:04 [main] INFO  io.javalin.Javalin - Javalin started in 299ms \o/
2025-03-07 14:35:04 [main] INFO  io.javalin.Javalin - Listening on http://localhost:7000/
2025-03-07 14:35:04 [main] INFO  io.javalin.Javalin - You are running Javalin 6.4.0 (released December 17, 2024).
